<?xml version="1.0" encoding="UTF-8"?>
<testng-results ignored="0" total="1" passed="0" failed="1" skipped="0">
  <reporter-output>
  </reporter-output>
  <suite started-at="2024-07-02T21:32:31 IDT" name="Suite" finished-at="2024-07-02T21:33:20 IDT" duration-ms="48669">
    <groups>
    </groups>
    <test started-at="2024-07-02T21:32:31 IDT" name="Test" finished-at="2024-07-02T21:33:20 IDT" duration-ms="48669">
      <class name="mainPackage.checkoutFunctionality">
        <test-method is-config="true" signature="myBeforeTest()[pri:0, instance:mainPackage.checkoutFunctionality@81d9a72]" started-at="2024-07-02T21:32:23 IDT" name="myBeforeTest" finished-at="2024-07-02T21:32:31 IDT" duration-ms="8068" status="PASS">
          <reporter-output>
          </reporter-output>
        </test-method> <!-- myBeforeTest -->
        <test-method signature="checkoutFunctionality()[pri:0, instance:mainPackage.checkoutFunctionality@81d9a72]" started-at="2024-07-02T21:32:31 IDT" name="checkoutFunctionality" description="Check Checkout Functionality" finished-at="2024-07-02T21:33:20 IDT" duration-ms="48423" status="FAIL">
          <exception class="java.lang.AssertionError">
            <message>
              <![CDATA[expected [Thank you] but found [Thank you for your purchase!]]]>
            </message>
            <full-stacktrace>
              <![CDATA[java.lang.AssertionError: expected [Thank you] but found [Thank you for your purchase!]
at org.testng.Assert.fail(Assert.java:99)
at org.testng.Assert.failNotEquals(Assert.java:1037)
at org.testng.Assert.assertEqualsImpl(Assert.java:140)
at org.testng.Assert.assertEquals(Assert.java:122)
at org.testng.Assert.assertEquals(Assert.java:629)
at org.testng.Assert.assertEquals(Assert.java:639)
at pageObjects.Assertions.checkPageTitleIsContain(Assertions.java:11)
at mainPackage.checkoutFunctionality.checkoutFunctionality(checkoutFunctionality.java:60)
at java.base/jdk.internal.reflect.NativeMethodAccessorImpl.invoke0(Native Method)
at java.base/jdk.internal.reflect.NativeMethodAccessorImpl.invoke(NativeMethodAccessorImpl.java:77)
at java.base/jdk.internal.reflect.DelegatingMethodAccessorImpl.invoke(DelegatingMethodAccessorImpl.java:43)
at java.base/java.lang.reflect.Method.invoke(Method.java:568)
at org.testng.internal.MethodInvocationHelper.invokeMethod(MethodInvocationHelper.java:133)
at org.testng.internal.TestInvoker.invokeMethod(TestInvoker.java:598)
at org.testng.internal.TestInvoker.invokeTestMethod(TestInvoker.java:173)
at org.testng.internal.MethodRunner.runInSequence(MethodRunner.java:46)
at org.testng.internal.TestInvoker$MethodInvocationAgent.invoke(TestInvoker.java:824)
at org.testng.internal.TestInvoker.invokeTestMethods(TestInvoker.java:146)
at org.testng.internal.TestMethodWorker.invokeTestMethods(TestMethodWorker.java:146)
at org.testng.internal.TestMethodWorker.run(TestMethodWorker.java:128)
at java.base/java.util.ArrayList.forEach(ArrayList.java:1511)
at org.testng.TestRunner.privateRun(TestRunner.java:794)
at org.testng.TestRunner.run(TestRunner.java:596)
at org.testng.SuiteRunner.runTest(SuiteRunner.java:377)
at org.testng.SuiteRunner.runSequentially(SuiteRunner.java:371)
at org.testng.SuiteRunner.privateRun(SuiteRunner.java:332)
at org.testng.SuiteRunner.run(SuiteRunner.java:276)
at org.testng.SuiteRunnerWorker.runSuite(SuiteRunnerWorker.java:53)
at org.testng.SuiteRunnerWorker.run(SuiteRunnerWorker.java:96)
at org.testng.TestNG.runSuitesSequentially(TestNG.java:1212)
at org.testng.TestNG.runSuitesLocally(TestNG.java:1134)
at org.testng.TestNG.runSuites(TestNG.java:1063)
at org.testng.TestNG.run(TestNG.java:1031)
at org.testng.remote.AbstractRemoteTestNG.run(AbstractRemoteTestNG.java:115)
at org.testng.remote.RemoteTestNG.initAndRun(RemoteTestNG.java:293)
at org.testng.remote.RemoteTestNG.main(RemoteTestNG.java:91)
]]>
            </full-stacktrace>
          </exception> <!-- java.lang.AssertionError -->
          <reporter-output>
          </reporter-output>
        </test-method> <!-- checkoutFunctionality -->
        <test-method is-config="true" signature="myAfterTest()[pri:0, instance:mainPackage.checkoutFunctionality@81d9a72]" started-at="2024-07-02T21:33:20 IDT" name="myAfterTest" finished-at="2024-07-02T21:33:21 IDT" duration-ms="166" status="PASS">
          <reporter-output>
          </reporter-output>
        </test-method> <!-- myAfterTest -->
      </class> <!-- mainPackage.checkoutFunctionality -->
    </test> <!-- Test -->
  </suite> <!-- Suite -->
</testng-results>
